This is pdfTeX, Version 3.141592653-2.6-1.40.22 (TeX Live 2022/dev/Debian) (preloaded format=pdflatex 2023.12.4)  4 DEC 2023 16:31
entering extended mode
 restricted \write18 enabled.
 file:line:error style messages enabled.
 %&-line parsing enabled.
**/home/didi/VSCode/SIMODS-SceneNet1.0/ex_article.tex
(/home/didi/VSCode/SIMODS-SceneNet1.0/ex_article.tex
LaTeX2e <2021-11-15> patch level 1
L3 programming layer <2022-01-21> (./siamonline171218.cls
Document Class: siamonline171218 2017/12/18 v1.6.0 LaTeX document e-class
(/usr/share/texlive/texmf-dist/tex/latex/amsmath/amsmath.sty
Package: amsmath 2021/10/15 v2.17l AMS math features
\@mathmargin=\skip47

For additional information on amsmath, use the `?' option.
(/usr/share/texlive/texmf-dist/tex/latex/amsmath/amstext.sty
Package: amstext 2021/08/26 v2.01 AMS text
 (/usr/share/texlive/texmf-dist/tex/latex/amsmath/amsgen.sty
File: amsgen.sty 1999/11/30 v2.0 generic functions
\@emptytoks=\toks16
\ex@=\dimen138
)) (/usr/share/texlive/texmf-dist/tex/latex/amsmath/amsbsy.sty
Package: amsbsy 1999/11/29 v1.2d Bold Symbols
\pmbraise@=\dimen139
) (/usr/share/texlive/texmf-dist/tex/latex/amsmath/amsopn.sty
Package: amsopn 2021/08/26 v2.02 operator names
)
\inf@bad=\count185
LaTeX Info: Redefining \frac on input line 234.
\uproot@=\count186
\leftroot@=\count187
LaTeX Info: Redefining \overline on input line 399.
\classnum@=\count188
\DOTSCASE@=\count189
LaTeX Info: Redefining \ldots on input line 496.
LaTeX Info: Redefining \dots on input line 499.
LaTeX Info: Redefining \cdots on input line 620.
\Mathstrutbox@=\box50
\strutbox@=\box51
\big@size=\dimen140
LaTeX Font Info:    Redeclaring font encoding OML on input line 743.
LaTeX Font Info:    Redeclaring font encoding OMS on input line 744.
\macc@depth=\count190
\c@MaxMatrixCols=\count191
\dotsspace@=\muskip16
\c@parentequation=\count192
\dspbrk@lvl=\count193
\tag@help=\toks17
\row@=\count194
\column@=\count195
\maxfields@=\count196
\andhelp@=\toks18
\eqnshift@=\dimen141
\alignsep@=\dimen142
\tagshift@=\dimen143
\tagwidth@=\dimen144
\totwidth@=\dimen145
\lineht@=\dimen146
\@envbody=\toks19
\multlinegap=\skip48
\multlinetaggap=\skip49
\mathdisplay@stack=\toks20
LaTeX Info: Redefining \[ on input line 2938.
LaTeX Info: Redefining \] on input line 2939.
) (/usr/share/texlive/texmf-dist/tex/latex/ntheorem/ntheorem.sty
Style `ntheorem', Version 1.33 <2011/08/15>
Package: ntheorem 2011/08/15 1.33
(/usr/share/texlive/texmf-dist/tex/latex/base/ifthen.sty
Package: ifthen 2020/11/24 v1.1c Standard LaTeX ifthen package (DPC)
)
\theorem@style=\toks21
\theorem@@style=\toks22
\theorembodyfont=\toks23
\theoremnumbering=\toks24
\theorempreskipamount=\skip50
\theorempostskipamount=\skip51
\theoremframepreskipamount=\skip52
\theoremframepostskipamount=\skip53
\theoreminframepreskipamount=\skip54
\theoreminframepostskipamount=\skip55
\theorem@preskip=\toks25
\theorem@postskip=\toks26
\theorem@framepreskip=\toks27
\theorem@framepostskip=\toks28
\theorem@inframepreskip=\toks29
\theorem@inframepostskip=\toks30
\theoremindent=\dimen147
\theorem@indent=\dimen148
\theoremrightindent=\dimen149
\theorem@rightindent=\dimen150
\theoremheaderfont=\toks31
\theoremseparator=\toks32
\theoremprework=\toks33
\theorempostwork=\toks34
\theoremsymbol=\toks35
\qedsymbol=\toks36
\theoremkeyword=\toks37
\qedsymbol=\toks38
\thm@topsep=\skip56
\thm@topsepadd=\skip57
Package ntheorem Info: Option `thmmarks' loaded on input line 1175.
\c@endNonectr=\count197
\c@currNonectr=\count198
\mysavskip=\skip58
Package ntheorem Info: option `amsmath' handling for `thmmarks' loaded on input line 1175.
\thm@amstmpdepth=\dimen151
\tagwidth=\dimen152
)
\fromfoliotocopyright=\skip59
\c@section=\count199
\c@subsection=\count266
\c@subsubsection=\count267
\c@paragraph=\count268
\c@subparagraph=\count269
\c@rmnum=\count270
\c@muni=\count271
\@sectionspace=\skip60
\@negsectionspace=\skip61

Warning: Unable to fix unknown version of \eqnarray.
\c@figure=\count272
\c@table=\count273
\abovecaptionskip=\skip62
\belowcaptionskip=\skip63
\bibindent=\dimen153
(/usr/share/texlive/texmf-dist/tex/latex/hyperref/xr-hyper.sty
Package: xr-hyper 2021-06-07 v7.00m eXternal References (DPC)
) (/usr/share/texlive/texmf-dist/tex/generic/iftex/ifpdf.sty
Package: ifpdf 2019/10/25 v3.4 ifpdf legacy package. Use iftex instead.
 (/usr/share/texlive/texmf-dist/tex/generic/iftex/iftex.sty
Package: iftex 2020/03/06 v1.0d TeX engine tests
)) (/usr/share/texlive/texmf-dist/tex/latex/hyperref/hyperref.sty
Package: hyperref 2021-06-07 v7.00m Hypertext links for LaTeX
 (/usr/share/texlive/texmf-dist/tex/generic/ltxcmds/ltxcmds.sty
Package: ltxcmds 2020-05-10 v1.25 LaTeX kernel commands for general use (HO)
) (/usr/share/texlive/texmf-dist/tex/generic/pdftexcmds/pdftexcmds.sty
Package: pdftexcmds 2020-06-27 v0.33 Utility functions of pdfTeX for LuaTeX (HO)
 (/usr/share/texlive/texmf-dist/tex/generic/infwarerr/infwarerr.sty
Package: infwarerr 2019/12/03 v1.5 Providing info/warning/error messages (HO)
)
Package pdftexcmds Info: \pdf@primitive is available.
Package pdftexcmds Info: \pdf@ifprimitive is available.
Package pdftexcmds Info: \pdfdraftmode found.
) (/usr/share/texlive/texmf-dist/tex/latex/graphics/keyval.sty
Package: keyval 2014/10/28 v1.15 key=value parser (DPC)
\KV@toks@=\toks39
) (/usr/share/texlive/texmf-dist/tex/generic/kvsetkeys/kvsetkeys.sty
Package: kvsetkeys 2019/12/15 v1.18 Key value parser (HO)
) (/usr/share/texlive/texmf-dist/tex/generic/kvdefinekeys/kvdefinekeys.sty
Package: kvdefinekeys 2019-12-19 v1.6 Define keys (HO)
) (/usr/share/texlive/texmf-dist/tex/generic/pdfescape/pdfescape.sty
Package: pdfescape 2019/12/09 v1.15 Implements pdfTeX's escape features (HO)
) (/usr/share/texlive/texmf-dist/tex/latex/hycolor/hycolor.sty
Package: hycolor 2020-01-27 v1.10 Color options for hyperref/bookmark (HO)
) (/usr/share/texlive/texmf-dist/tex/latex/letltxmacro/letltxmacro.sty
Package: letltxmacro 2019/12/03 v1.6 Let assignment for LaTeX macros (HO)
) (/usr/share/texlive/texmf-dist/tex/latex/auxhook/auxhook.sty
Package: auxhook 2019-12-17 v1.6 Hooks for auxiliary files (HO)
) (/usr/share/texlive/texmf-dist/tex/latex/kvoptions/kvoptions.sty
Package: kvoptions 2020-10-07 v3.14 Key value format for package options (HO)
)
\@linkdim=\dimen154
\Hy@linkcounter=\count274
\Hy@pagecounter=\count275
 (/usr/share/texlive/texmf-dist/tex/latex/hyperref/pd1enc.def
File: pd1enc.def 2021-06-07 v7.00m Hyperref: PDFDocEncoding definition (HO)
Now handling font encoding PD1 ...
... no UTF-8 mapping file for font encoding PD1
) (/usr/share/texlive/texmf-dist/tex/latex/hyperref/hyperref-langpatches.def
File: hyperref-langpatches.def 2021-06-07 v7.00m Hyperref: patches for babel languages
) (/usr/share/texlive/texmf-dist/tex/generic/intcalc/intcalc.sty
Package: intcalc 2019/12/15 v1.3 Expandable calculations with integers (HO)
) (/usr/share/texlive/texmf-dist/tex/generic/etexcmds/etexcmds.sty
Package: etexcmds 2019/12/15 v1.7 Avoid name clashes with e-TeX commands (HO)
)
\Hy@SavedSpaceFactor=\count276
 (/usr/share/texlive/texmf-dist/tex/latex/hyperref/puenc.def
File: puenc.def 2021-06-07 v7.00m Hyperref: PDF Unicode definition (HO)
Now handling font encoding PU ...
... no UTF-8 mapping file for font encoding PU
)
Package hyperref Info: Hyper figures OFF on input line 4192.
Package hyperref Info: Link nesting OFF on input line 4197.
Package hyperref Info: Hyper index ON on input line 4200.
Package hyperref Info: Plain pages OFF on input line 4207.
Package hyperref Info: Backreferencing OFF on input line 4212.
Package hyperref Info: Implicit mode ON; LaTeX internals redefined.
Package hyperref Info: Bookmarks ON on input line 4445.
\c@Hy@tempcnt=\count277
 (/usr/share/texlive/texmf-dist/tex/latex/url/url.sty
\Urlmuskip=\muskip17
Package: url 2013/09/16  ver 3.4  Verb mode for urls, etc.
)
LaTeX Info: Redefining \url on input line 4804.
\XeTeXLinkMargin=\dimen155
 (/usr/share/texlive/texmf-dist/tex/generic/bitset/bitset.sty
Package: bitset 2019/12/09 v1.3 Handle bit-vector datatype (HO)
 (/usr/share/texlive/texmf-dist/tex/generic/bigintcalc/bigintcalc.sty
Package: bigintcalc 2019/12/15 v1.5 Expandable calculations on big integers (HO)
))
\Fld@menulength=\count278
\Field@Width=\dimen156
\Fld@charsize=\dimen157
Package hyperref Info: Hyper figures OFF on input line 6076.
Package hyperref Info: Link nesting OFF on input line 6081.
Package hyperref Info: Hyper index ON on input line 6084.
Package hyperref Info: backreferencing OFF on input line 6091.
Package hyperref Info: Link coloring OFF on input line 6096.
Package hyperref Info: Link coloring with OCG OFF on input line 6101.
Package hyperref Info: PDF/A mode OFF on input line 6106.
LaTeX Info: Redefining \ref on input line 6146.
LaTeX Info: Redefining \pageref on input line 6150.
 (/usr/share/texlive/texmf-dist/tex/latex/base/atbegshi-ltx.sty
Package: atbegshi-ltx 2021/01/10 v1.0c Emulation of the original atbegshi
package with kernel methods
)
\Hy@abspage=\count279
\c@Item=\count280
\c@Hfootnote=\count281
)
Package hyperref Info: Driver (autodetected): hpdftex.
 (/usr/share/texlive/texmf-dist/tex/latex/hyperref/hpdftex.def
File: hpdftex.def 2021-06-07 v7.00m Hyperref driver for pdfTeX
 (/usr/share/texlive/texmf-dist/tex/latex/base/atveryend-ltx.sty
Package: atveryend-ltx 2020/08/19 v1.0a Emulation of the original atveryend package
with kernel methods
)
\Fld@listcount=\count282
\c@bookmark@seq@number=\count283
 (/usr/share/texlive/texmf-dist/tex/latex/rerunfilecheck/rerunfilecheck.sty
Package: rerunfilecheck 2019/12/05 v1.9 Rerun checks for auxiliary files (HO)
 (/usr/share/texlive/texmf-dist/tex/generic/uniquecounter/uniquecounter.sty
Package: uniquecounter 2019/12/15 v1.4 Provide unlimited unique counter (HO)
)
Package uniquecounter Info: New unique counter `rerunfilecheck' on input line 286.
)
\Hy@SectionHShift=\skip64
)
Package hyperref Info: Option `colorlinks' set `false' on input line 1370.
Package hyperref Info: Option `frenchlinks' set `false' on input line 1370.
Package hyperref Info: Option `naturalnames' set `false' on input line 1370.
Package hyperref Info: Option `hypertexnames' set `false' on input line 1370.
Package hyperref Info: Option `breaklinks' set `true' on input line 1370.
 (/usr/share/texlive/texmf-dist/tex/latex/xcolor/xcolor.sty
Package: xcolor 2021/10/31 v2.13 LaTeX color extensions (UK)
 (/usr/share/texlive/texmf-dist/tex/latex/graphics-cfg/color.cfg
File: color.cfg 2016/01/02 v1.6 sample color configuration
)
Package xcolor Info: Driver file: pdftex.def on input line 227.
 (/usr/share/texlive/texmf-dist/tex/latex/graphics-def/pdftex.def
File: pdftex.def 2020/10/05 v1.2a Graphics/color driver for pdftex
)
Package xcolor Info: Model `cmy' substituted by `cmy0' on input line 1352.
Package xcolor Info: Model `hsb' substituted by `rgb' on input line 1356.
Package xcolor Info: Model `RGB' extended on input line 1368.
Package xcolor Info: Model `HTML' substituted by `rgb' on input line 1370.
Package xcolor Info: Model `Hsb' substituted by `hsb' on input line 1371.
Package xcolor Info: Model `tHsb' substituted by `hsb' on input line 1372.
Package xcolor Info: Model `HSB' substituted by `hsb' on input line 1373.
Package xcolor Info: Model `Gray' substituted by `gray' on input line 1374.
Package xcolor Info: Model `wave' substituted by `hsb' on input line 1375.
) (/usr/share/texlive/texmf-dist/tex/latex/graphics/graphics.sty
Package: graphics 2021/03/04 v1.4d Standard LaTeX Graphics (DPC,SPQR)
 (/usr/share/texlive/texmf-dist/tex/latex/graphics/trig.sty
Package: trig 2021/08/11 v1.11 sin cos tan (DPC)
) (/usr/share/texlive/texmf-dist/tex/latex/graphics-cfg/graphics.cfg
File: graphics.cfg 2016/06/04 v1.11 sample graphics configuration
)
Package graphics Info: Driver file: pdftex.def on input line 107.
) (/usr/share/texlive/texmf-dist/tex/latex/graphics/graphicx.sty
Package: graphicx 2021/09/16 v1.2d Enhanced LaTeX Graphics (DPC,SPQR)
\Gin@req@height=\dimen158
\Gin@req@width=\dimen159
) (/usr/share/texlive/texmf-dist/tex/latex/epstopdf-pkg/epstopdf.sty
Package: epstopdf 2020-01-24 v2.11 Conversion with epstopdf on the fly (HO)
 (/usr/share/texlive/texmf-dist/tex/latex/grfext/grfext.sty
Package: grfext 2019/12/03 v1.3 Manage graphics extensions (HO)
) (/usr/share/texlive/texmf-dist/tex/latex/epstopdf-pkg/epstopdf-base.sty
Package: epstopdf-base 2020-01-24 v2.11 Base part for package epstopdf
Package epstopdf-base Info: Redefining graphics rule for `.eps' on input line 485.
Package grfext Info: Graphics extension search list:
(grfext)             [.pdf,.png,.jpg,.mps,.jpeg,.jbig2,.jb2,.PDF,.PNG,.JPG,.JPEG,.JBIG2,.JB2,.eps]
(grfext)             \AppendGraphicsExtensions on input line 504.
 (/usr/share/texlive/texmf-dist/tex/latex/latexconfig/epstopdf-sys.cfg
File: epstopdf-sys.cfg 2010/07/13 v1.3 Configuration of (r)epstopdf for TeX Live
)))
Package hyperref Info: Option `colorlinks' set `true' on input line 1419.
 (/usr/share/texlive/texmf-dist/tex/latex/oberdiek/hypcap.sty
Package: hypcap 2016/05/16 v1.12 Adjusting the anchors of captions (HO)
) (/usr/share/texlive/texmf-dist/tex/latex/algorithms/algorithm.sty
Package: algorithm 2009/08/24 v0.1 Document Style `algorithm' - floating environment
 (/usr/share/texlive/texmf-dist/tex/latex/float/float.sty
Package: float 2001/11/08 v1.3d Float enhancements (AL)
\c@float@type=\count284
\float@exts=\toks40
\float@box=\box52
\@float@everytoks=\toks41
\@floatcapt=\box53
)
\@float@every@algorithm=\toks42
\c@algorithm=\count285
) (/usr/share/texlive/texmf-dist/tex/latex/cleveref/cleveref.sty
Package: cleveref 2018/03/27 v0.21.4 Intelligent cross-referencing
Package cleveref Info: `hyperref' support loaded on input line 2370.
LaTeX Info: Redefining \cref on input line 2370.
LaTeX Info: Redefining \Cref on input line 2370.
LaTeX Info: Redefining \crefrange on input line 2370.
LaTeX Info: Redefining \Crefrange on input line 2370.
LaTeX Info: Redefining \cpageref on input line 2370.
LaTeX Info: Redefining \Cpageref on input line 2370.
LaTeX Info: Redefining \cpagerefrange on input line 2370.
LaTeX Info: Redefining \Cpagerefrange on input line 2370.
LaTeX Info: Redefining \labelcref on input line 2370.
LaTeX Info: Redefining \labelcpageref on input line 2370.
Package cleveref Info: `ntheorem' support loaded on input line 3055.
Package cleveref Info: always capitalise cross-reference names on input line 7830.
Package cleveref Info: include cross-reference names in hyperlinks on input line 7836.
Package cleveref Info: always capitalise cross-reference names on input line 7852.
Package cleveref Info: include cross-reference names in hyperlinks on input line 7852.
)
\c@currproofctr=\count286
\c@endproofctr=\count287
\c@proof=\count288
\c@currtheoremctr=\count289
\c@endtheoremctr=\count290
\c@theorem=\count291
\c@currlemmactr=\count292
\c@endlemmactr=\count293
\c@currcorollaryctr=\count294
\c@endcorollaryctr=\count295
\c@currpropositionctr=\count296
\c@endpropositionctr=\count297
\c@currdefinitionctr=\count298
\c@enddefinitionctr=\count299
 (/usr/share/texlive/texmf-dist/tex/latex/lineno/lineno.sty
Package: lineno 2005/11/02 line numbers on paragraphs v4.41
\linenopenalty=\count300
\output=\toks43
\linenoprevgraf=\count301
\linenumbersep=\dimen160
\linenumberwidth=\dimen161
\c@linenumber=\count302
\c@pagewiselinenumber=\count303
\c@LN@truepage=\count304
\c@internallinenumber=\count305
\c@internallinenumbers=\count306
\quotelinenumbersep=\dimen162
\bframerule=\dimen163
\bframesep=\dimen164
\bframebox=\box54
LaTeX Info: Redefining \\ on input line 3056.
)) (/usr/share/texlive/texmf-dist/tex/latex/base/inputenc.sty
Package: inputenc 2021/02/14 v1.3d Input encoding file
\inpenc@prehook=\toks44
\inpenc@posthook=\toks45
) (/usr/share/texlive/texmf-dist/tex/latex/base/fontenc.sty
Package: fontenc 2021/04/29 v2.0v Standard LaTeX package
) (/usr/share/texlive/texmf-dist/tex/latex/booktabs/booktabs.sty
Package: booktabs 2020/01/12 v1.61803398 Publication quality tables
\heavyrulewidth=\dimen165
\lightrulewidth=\dimen166
\cmidrulewidth=\dimen167
\belowrulesep=\dimen168
\belowbottomsep=\dimen169
\aboverulesep=\dimen170
\abovetopsep=\dimen171
\cmidrulesep=\dimen172
\cmidrulekern=\dimen173
\defaultaddspace=\dimen174
\@cmidla=\count307
\@cmidlb=\count308
\@aboverulesep=\dimen175
\@belowrulesep=\dimen176
\@thisruleclass=\count309
\@lastruleclass=\count310
\@thisrulewidth=\dimen177
) (/usr/share/texlive/texmf-dist/tex/latex/amsfonts/amsfonts.sty
Package: amsfonts 2013/01/14 v3.01 Basic AMSFonts support
\symAMSa=\mathgroup4
\symAMSb=\mathgroup5
LaTeX Font Info:    Redeclaring math symbol \hbar on input line 98.
LaTeX Font Info:    Overwriting math alphabet `\mathfrak' in version `bold'
(Font)                  U/euf/m/n --> U/euf/b/n on input line 106.
) (/usr/share/texlive/texmf-dist/tex/latex/units/nicefrac.sty
Package: nicefrac 1998/08/04 v0.9b Nice fractions
\L@UnitsRaiseDisplaystyle=\skip65
\L@UnitsRaiseTextstyle=\skip66
\L@UnitsRaiseScriptstyle=\skip67
) (/usr/share/texlive/texmf-dist/tex/latex/microtype/microtype.sty
Package: microtype 2021/12/10 v3.0b Micro-typographical refinements (RS)
 (/usr/share/texlive/texmf-dist/tex/latex/etoolbox/etoolbox.sty
Package: etoolbox 2020/10/05 v2.5k e-TeX tools for LaTeX (JAW)
\etb@tempcnta=\count311
)
\MT@toks=\toks46
\MT@count=\count312
\MT@tempbox=\box55
LaTeX Info: Redefining \leftprotrusion on input line 1010.
LaTeX Info: Redefining \rightprotrusion on input line 1018.
LaTeX Info: Redefining \textls on input line 1173.
\MT@outer@kern=\dimen178
LaTeX Info: Redefining \textmicrotypecontext on input line 1759.
\MT@listname@count=\count313
 (/usr/share/texlive/texmf-dist/tex/latex/microtype/microtype-pdftex.def
File: microtype-pdftex.def 2021/12/10 v3.0b Definitions specific to pdftex (RS)
LaTeX Info: Redefining \lsstyle on input line 897.
LaTeX Info: Redefining \lslig on input line 897.
\MT@outer@space=\skip68
)
Package microtype Info: Loading configuration file microtype.cfg.
 (/usr/share/texlive/texmf-dist/tex/latex/microtype/microtype.cfg
File: microtype.cfg 2021/12/10 v3.0b microtype main configuration file (RS)
)) (/usr/share/texlive/texmf-dist/tex/latex/lipsum/lipsum.sty (/usr/share/texlive/texmf-dist/tex/latex/l3packages/l3keys2e/l3keys2e.sty (/usr/share/texlive/texmf-dist/tex/latex/l3kernel/expl3.sty
Package: expl3 2022-01-21 L3 programming layer (loader) 
 (/usr/share/texlive/texmf-dist/tex/latex/l3backend/l3backend-pdftex.def
File: l3backend-pdftex.def 2022-01-12 L3 backend support: PDF output (pdfTeX)
\l__color_backend_stack_int=\count314
\l__pdf_internal_box=\box56
))
Package: l3keys2e 2022-01-12 LaTeX2e option processing using LaTeX3 keys
)
Package: lipsum 2021-09-20 v2.7 150 paragraphs of Lorem Ipsum dummy text
\g__lipsum_par_int=\count315
\l__lipsum_a_int=\count316
\l__lipsum_b_int=\count317
 (/usr/share/texlive/texmf-dist/tex/latex/lipsum/lipsum.ltd.tex)) (/usr/share/texlive/texmf-dist/tex/latex/fancyhdr/fancyhdr.sty
Package: fancyhdr 2021/01/28 v4.0.1 Extensive control of page headers and footers
\f@nch@headwidth=\skip69
\f@nch@O@elh=\skip70
\f@nch@O@erh=\skip71
\f@nch@O@olh=\skip72
\f@nch@O@orh=\skip73
\f@nch@O@elf=\skip74
\f@nch@O@erf=\skip75
\f@nch@O@olf=\skip76
\f@nch@O@orf=\skip77
) (/usr/share/texlive/texmf-dist/tex/latex/subfigure/subfigure.sty
Package: subfigure 2002/03/15 v2.1.5 subfigure package
\subfigtopskip=\skip78
\subfigcapskip=\skip79
\subfigcaptopadj=\dimen179
\subfigbottomskip=\skip80
\subfigcapmargin=\dimen180
\subfiglabelskip=\skip81
\c@subfigure=\count318
\c@lofdepth=\count319
\c@subtable=\count320
\c@lotdepth=\count321

****************************************
* Local config file subfigure.cfg used *
****************************************
(/usr/share/texlive/texmf-dist/tex/latex/subfigure/subfigure.cfg)
\subfig@top=\skip82
\subfig@bottom=\skip83
) (/usr/share/texlive/texmf-dist/tex/latex/amsfonts/amssymb.sty
Package: amssymb 2013/01/14 v3.01 AMS font symbols
) (/usr/share/texlive/texmf-dist/tex/latex/mathtools/mathtools.sty
Package: mathtools 2021/02/02 v1.28 mathematical typesetting tools
 (/usr/share/texlive/texmf-dist/tex/latex/tools/calc.sty
Package: calc 2017/05/25 v4.3 Infix arithmetic (KKT,FJ)
\calc@Acount=\count322
\calc@Bcount=\count323
\calc@Adimen=\dimen181
\calc@Bdimen=\dimen182
\calc@Askip=\skip84
\calc@Bskip=\skip85
LaTeX Info: Redefining \setlength on input line 80.
LaTeX Info: Redefining \addtolength on input line 81.
\calc@Ccount=\count324
\calc@Cskip=\skip86
) (/usr/share/texlive/texmf-dist/tex/latex/mathtools/mhsetup.sty
Package: mhsetup 2021/03/18 v1.4 programming setup (MH)
)
\g_MT_multlinerow_int=\count325
\l_MT_multwidth_dim=\dimen183
\origjot=\skip87
\l_MT_shortvdotswithinadjustabove_dim=\dimen184
\l_MT_shortvdotswithinadjustbelow_dim=\dimen185
\l_MT_above_intertext_sep=\dimen186
\l_MT_below_intertext_sep=\dimen187
\l_MT_above_shortintertext_sep=\dimen188
\l_MT_below_shortintertext_sep=\dimen189
\xmathstrut@box=\box57
\xmathstrut@dim=\dimen190
) (./ex_shared.tex (/usr/share/texlive/texmf-dist/tex/latex/algorithms/algorithmic.sty
Package: algorithmic 2009/08/24 v0.1 Document Style `algorithmic'
\c@ALC@unique=\count326
\c@ALC@line=\count327
\c@ALC@rem=\count328
\c@ALC@depth=\count329
\ALC@tlm=\skip88
\algorithmicindent=\skip89
) (/usr/share/texlive/texmf-dist/tex/latex/enumitem/enumitem.sty
Package: enumitem 2019/06/20 v3.9 Customized lists
\labelindent=\skip90
\enit@outerparindent=\dimen191
\enit@toks=\toks47
\enit@inbox=\box58
\enit@count@id=\count330
\enitdp@description=\count331
)
\c@currremarkctr=\count332
\c@endremarkctr=\count333
\c@currhypothesisctr=\count334
\c@endhypothesisctr=\count335
\c@currclaimctr=\count336
\c@endclaimctr=\count337
)
Package xr Info: IMPORTING LABELS FROM ex_supplement.aux on input line 86.

(ex_supplement.tex)
(ex_supplement.aux)
(./ex_article.aux)
\openout1 = `ex_article.aux'.

LaTeX Font Info:    Checking defaults for OML/cmm/m/it on input line 101.
LaTeX Font Info:    ... okay on input line 101.
LaTeX Font Info:    Checking defaults for OMS/cmsy/m/n on input line 101.
LaTeX Font Info:    ... okay on input line 101.
LaTeX Font Info:    Checking defaults for OT1/cmr/m/n on input line 101.
LaTeX Font Info:    ... okay on input line 101.
LaTeX Font Info:    Checking defaults for T1/cmr/m/n on input line 101.
LaTeX Font Info:    ... okay on input line 101.
LaTeX Font Info:    Checking defaults for TS1/cmr/m/n on input line 101.
LaTeX Font Info:    ... okay on input line 101.
LaTeX Font Info:    Checking defaults for OMX/cmex/m/n on input line 101.
LaTeX Font Info:    ... okay on input line 101.
LaTeX Font Info:    Checking defaults for U/cmr/m/n on input line 101.
LaTeX Font Info:    ... okay on input line 101.
LaTeX Font Info:    Checking defaults for PD1/pdf/m/n on input line 101.
LaTeX Font Info:    ... okay on input line 101.
LaTeX Font Info:    Checking defaults for PU/pdf/m/n on input line 101.
LaTeX Font Info:    ... okay on input line 101.
Package hyperref Info: Link coloring ON on input line 101.
 (/usr/share/texlive/texmf-dist/tex/latex/hyperref/nameref.sty
Package: nameref 2021-04-02 v2.47 Cross-referencing by name of section
 (/usr/share/texlive/texmf-dist/tex/latex/refcount/refcount.sty
Package: refcount 2019/12/15 v3.6 Data extraction from label references (HO)
) (/usr/share/texlive/texmf-dist/tex/generic/gettitlestring/gettitlestring.sty
Package: gettitlestring 2019/12/15 v1.6 Cleanup title references (HO)
)
\c@section@level=\count338
)
LaTeX Info: Redefining \ref on input line 101.
LaTeX Info: Redefining \pageref on input line 101.
LaTeX Info: Redefining \nameref on input line 101.
 (./ex_article.out) (./ex_article.out)
\@outlinefile=\write3
\openout3 = `ex_article.out'.

 (/usr/share/texlive/texmf-dist/tex/context/base/mkii/supp-pdf.mkii
[Loading MPS to PDF converter (version 2006.09.02).]
\scratchcounter=\count339
\scratchdimen=\dimen192
\scratchbox=\box59
\nofMPsegments=\count340
\nofMParguments=\count341
\everyMPshowfont=\toks48
\MPscratchCnt=\count342
\MPscratchDim=\dimen193
\MPnumerator=\count343
\makeMPintoPDFobject=\count344
\everyMPtoPDFconversion=\toks49
)
LaTeX Info: Redefining \microtypecontext on input line 101.
Package microtype Info: Applying patch `item' on input line 101.
Package microtype Info: Applying patch `toc' on input line 101.


Package microtype Warning: Unable to apply patch `eqnum' on input line 101.

Package microtype Info: Applying patch `footnote' on input line 101.
Package microtype Info: Generating PDF output.
Package microtype Info: Character protrusion enabled (level 2).
Package microtype Info: Using default protrusion set `alltext'.
Package microtype Info: Automatic font expansion enabled (level 2),
(microtype)             stretch: 20, shrink: 20, step: 1, non-selected.
Package microtype Info: Using default expansion set `alltext-nott'.
LaTeX Info: Redefining \showhyphens on input line 101.
Package microtype Info: No adjustment of tracking.
Package microtype Info: No adjustment of interword spacing.
Package microtype Info: No adjustment of character kerning.
(/usr/share/texlive/texmf-dist/tex/latex/microtype/mt-cmr.cfg
File: mt-cmr.cfg 2013/05/19 v2.2 microtype config. file: Computer Modern Roman (RS)
)
LaTeX Font Info:    Trying to load font information for T1+cmss on input line 105.
 (/usr/share/texlive/texmf-dist/tex/latex/base/t1cmss.fd
File: t1cmss.fd 2019/12/16 v2.5j Standard LaTeX font definitions
)
Package microtype Info: Loading generic protrusion settings for font family
(microtype)             `cmss' (encoding: T1).
(microtype)             For optimal results, create family-specific settings.
(microtype)             See the microtype manual for details.
LaTeX Font Info:    Trying to load font information for U+msa on input line 105.
 (/usr/share/texlive/texmf-dist/tex/latex/amsfonts/umsa.fd
File: umsa.fd 2013/01/14 v3.01 AMS symbols A
) (/usr/share/texlive/texmf-dist/tex/latex/microtype/mt-msa.cfg
File: mt-msa.cfg 2006/02/04 v1.1 microtype config. file: AMS symbols (a) (RS)
)
LaTeX Font Info:    Trying to load font information for U+msb on input line 105.
 (/usr/share/texlive/texmf-dist/tex/latex/amsfonts/umsb.fd
File: umsb.fd 2013/01/14 v3.01 AMS symbols B
) (/usr/share/texlive/texmf-dist/tex/latex/microtype/mt-msb.cfg
File: mt-msb.cfg 2005/06/01 v1.0 microtype config. file: AMS symbols (b) (RS)
)
<s37.png, id=116, 807.015pt x 809.0225pt>
File: s37.png Graphic file (type png)
<use s37.png>
Package pdftex.def Info: s37.png  used on input line 147.
(pdftex.def)             Requested size: 128.91153pt x 129.22403pt.
<gnet_s37.png, id=118, 1035.87pt x 731.73375pt>
File: gnet_s37.png Graphic file (type png)
<use gnet_s37.png>
Package pdftex.def Info: gnet_s37.png  used on input line 149.
(pdftex.def)             Requested size: 164.47498pt x 116.1754pt.


pdfTeX warning: pdflatex (file ./cnn_s37.pdf): PDF inclusion: found PDF version <1.7>, but at most version <1.5> allowed
<cnn_s37.pdf, id=119, 506.79337pt x 406.51875pt>
File: cnn_s37.pdf Graphic file (type pdf)
<use cnn_s37.pdf>
Package pdftex.def Info: cnn_s37.pdf  used on input line 151.
(pdftex.def)             Requested size: 142.25375pt x 114.10359pt.


pdfTeX warning: pdflatex (file ./color_code_v2.pdf): PDF inclusion: found PDF version <1.7>, but at most version <1.5> allowed
<color_code_v2.pdf, id=120, 722.7pt x 67.75313pt>
File: color_code_v2.pdf Graphic file (type pdf)
<use color_code_v2.pdf>
Package pdftex.def Info: color_code_v2.pdf  used on input line 154.
(pdftex.def)             Requested size: 222.26642pt x 20.83679pt.
[1

{/var/lib/texmf/fonts/map/pdftex/updmap/pdftex.map}]
Overfull \vbox (3.0484pt too high) has occurred while \output is active []

 [2 <./s37.png> <./gnet_s37.png> <./cnn_s37.pdf> <./color_code_v2.pdf

pdfTeX warning: pdflatex (file ./color_code_v2.pdf): PDF inclusion: multiple pdfs with page group included in a single page
>]
Overfull \vbox (3.0484pt too high) has occurred while \output is active []

 [3]
Overfull \vbox (3.0484pt too high) has occurred while \output is active []

 [4]
Package hyperref Info: bookmark level for unknown definition defaults to 0 on input line 377.


pdfTeX warning: pdflatex (file ./GNet_Overview.pdf): PDF inclusion: found PDF version <1.7>, but at most version <1.5> allowed
<GNet_Overview.pdf, id=300, 722.7pt x 329.73187pt>
File: GNet_Overview.pdf Graphic file (type pdf)
<use GNet_Overview.pdf>
Package pdftex.def Info: GNet_Overview.pdf  used on input line 421.
(pdftex.def)             Requested size: 400.07683pt x 182.53543pt.

Overfull \vbox (3.0484pt too high) has occurred while \output is active []

 [5]
Underfull \vbox (badness 10000) has occurred while \output is active []


Overfull \vbox (3.0484pt too high) has occurred while \output is active []

 [6 <./GNet_Overview.pdf>]
Overfull \vbox (3.0484pt too high) has occurred while \output is active []

 [7]
Overfull \vbox (3.0484pt too high) has occurred while \output is active []

 [8]
<cylinderv2.png, id=390, 590.205pt x 519.9425pt>
File: cylinderv2.png Graphic file (type png)
<use cylinderv2.png>
Package pdftex.def Info: cylinderv2.png  used on input line 605.
(pdftex.def)             Requested size: 137.8041pt x 121.39313pt.
<arrowv2.png, id=391, 430.60875pt x 428.60126pt>
File: arrowv2.png Graphic file (type png)
<use arrowv2.png>
Package pdftex.def Info: arrowv2.png  used on input line 607.
(pdftex.def)             Requested size: 124.46864pt x 123.8857pt.
<neg_spherev2.png, id=392, 393.47pt x 372.39125pt>
File: neg_spherev2.png Graphic file (type png)
<use neg_spherev2.png>
Package pdftex.def Info: neg_spherev2.png  used on input line 609.
(pdftex.def)             Requested size: 137.8041pt x 130.41843pt.
<colorbar.pdf, id=393, 650.43pt x 108.405pt>
File: colorbar.pdf Graphic file (type pdf)
<use colorbar.pdf>
Package pdftex.def Info: colorbar.pdf  used on input line 612.
(pdftex.def)             Requested size: 311.17162pt x 51.86342pt.

Overfull \vbox (3.0484pt too high) has occurred while \output is active []

 [9 <./cylinderv2.png> <./arrowv2.png> <./neg_spherev2.png> <./colorbar.pdf>]
<data8.png, id=423, 908.39375pt x 798.985pt>
File: data8.png Graphic file (type png)
<use data8.png>
Package pdftex.def Info: data8.png  used on input line 737.
(pdftex.def)             Requested size: 200.0384pt x 175.93573pt.
<vox64lab.png, id=424, 869.2475pt x 751.80875pt>
File: vox64lab.png Graphic file (type png)
<use vox64lab.png>
Package pdftex.def Info: vox64lab.png  used on input line 744.
(pdftex.def)             Requested size: 200.0384pt x 173.00414pt.


LaTeX Warning: `h' float specifier changed to `ht'.


Overfull \vbox (3.0484pt too high) has occurred while \output is active []

 [10]

pdfTeX warning: pdflatex (file ./GNet_interpretable.pdf): PDF inclusion: found PDF version <1.7>, but at most version <1.5> allowed
<GNet_interpretable.pdf, id=435, 722.7pt x 406.51875pt>
File: GNet_interpretable.pdf Graphic file (type pdf)
<use GNet_interpretable.pdf>
Package pdftex.def Info: GNet_interpretable.pdf  used on input line 787.
(pdftex.def)             Requested size: 400.07683pt x 225.04369pt.
<s33.png, id=437, 724.7075pt x 774.895pt>
File: s33.png Graphic file (type png)
<use s33.png>
Package pdftex.def Info: s33.png  used on input line 800.
(pdftex.def)             Requested size: 155.5892pt x 166.3627pt.
<act_cy_s33_v2.png, id=438, 882.29625pt x 657.45625pt>
File: act_cy_s33_v2.png Graphic file (type png)
<use act_cy_s33_v2.png>
Package pdftex.def Info: act_cy_s33_v2.png  used on input line 803.
(pdftex.def)             Requested size: 160.03209pt x 119.24992pt.
<act_arrow_s3_v2.png, id=439, 1009.7725pt x 937.5025pt>
File: act_arrow_s3_v2.png Graphic file (type png)
<use act_arrow_s3_v2.png>
Package pdftex.def Info: act_arrow_s3_v2.png  used on input line 806.
(pdftex.def)             Requested size: 155.5892pt x 144.45308pt.
<act_ns_s33_v2.png, id=440, 868.24374pt x 777.90625pt>
File: act_ns_s33_v2.png Graphic file (type png)
<use act_ns_s33_v2.png>
Package pdftex.def Info: act_ns_s33_v2.png  used on input line 809.
(pdftex.def)             Requested size: 137.8041pt x 123.4586pt.
File: colorbar.pdf Graphic file (type pdf)
<use colorbar.pdf>
Package pdftex.def Info: colorbar.pdf  used on input line 812.
(pdftex.def)             Requested size: 311.17162pt x 51.86342pt.

LaTeX Warning: `h' float specifier changed to `ht'.


Underfull \vbox (badness 6825) has occurred while \output is active []


Overfull \vbox (3.0484pt too high) has occurred while \output is active []

 [11 <./data8.png> <./vox64lab.png>]

pdfTeX warning: pdflatex (file ./roc_cnn_gnet.pdf): PDF inclusion: found PDF version <1.7>, but at most version <1.5> allowed
<roc_cnn_gnet.pdf, id=458, 462.52798pt x 245.41687pt>
File: roc_cnn_gnet.pdf Graphic file (type pdf)
<use roc_cnn_gnet.pdf>
Package pdftex.def Info: roc_cnn_gnet.pdf  used on input line 850.
(pdftex.def)             Requested size: 311.17162pt x 165.11372pt.
<robust_input.png, id=464, 621.32124pt x 610.28pt>
File: robust_input.png Graphic file (type png)
<use robust_input.png>
Package pdftex.def Info: robust_input.png  used on input line 865.
(pdftex.def)             Requested size: 222.26642pt x 218.31313pt.
<robust_pred.png, id=465, 210.7875pt x 445.665pt>
File: robust_pred.png Graphic file (type png)
<use robust_pred.png>
Package pdftex.def Info: robust_pred.png  used on input line 869.
(pdftex.def)             Requested size: 111.13321pt x 234.97047pt.

Underfull \hbox (badness 1097) in paragraph at lines 869--869
[]\T1/cmr/m/n/9 (+20) (b) SCENE-Net pre-dic-tion
 []

File: color_code_v2.pdf Graphic file (type pdf)
<use color_code_v2.pdf>
Package pdftex.def Info: color_code_v2.pdf  used on input line 872.
(pdftex.def)             Requested size: 222.26642pt x 20.83679pt.

Overfull \vbox (3.0484pt too high) has occurred while \output is active []

 [12 <./GNet_interpretable.pdf>]
Underfull \vbox (badness 10000) has occurred while \output is active []


Overfull \vbox (3.0484pt too high) has occurred while \output is active []

 [13 <./s33.png> <./act_cy_s33_v2.png> <./act_arrow_s3_v2.png> <./act_ns_s33_v2.png>]
Overfull \vbox (3.0484pt too high) has occurred while \output is active []

 [14 <./roc_cnn_gnet.pdf>]
<semKITTI_perf.png, id=576, 418.4433pt x 220.4235pt>
File: semKITTI_perf.png Graphic file (type png)
<use semKITTI_perf.png>
Package pdftex.def Info: semKITTI_perf.png  used on input line 950.
(pdftex.def)             Requested size: 311.17162pt x 163.91467pt.
<input_7897.png, id=577, 917.4275pt x 616.3025pt>
File: input_7897.png Graphic file (type png)
<use input_7897.png>
Package pdftex.def Info: input_7897.png  used on input line 958.
(pdftex.def)             Requested size: 200.0384pt x 134.37384pt.
<pred_7897.png, id=578, 657.45625pt x 414.54875pt>
File: pred_7897.png Graphic file (type png)
<use pred_7897.png>
Package pdftex.def Info: pred_7897.png  used on input line 962.
(pdftex.def)             Requested size: 222.26642pt x 140.14136pt.
File: color_code_v2.pdf Graphic file (type pdf)
<use color_code_v2.pdf>
Package pdftex.def Info: color_code_v2.pdf  used on input line 966.
(pdftex.def)             Requested size: 222.26642pt x 20.83679pt.
<128_s1.png, id=585, 764.8575pt x 551.05875pt>
File: 128_s1.png Graphic file (type png)
<use 128_s1.png>
Package pdftex.def Info: 128_s1.png  used on input line 1029.
(pdftex.def)             Requested size: 200.0384pt x 144.12114pt.
<128_gnet_s1.png, id=586, 656.4525pt x 661.47125pt>
File: 128_gnet_s1.png Graphic file (type png)
<use 128_gnet_s1.png>
Package pdftex.def Info: 128_gnet_s1.png  used on input line 1034.
(pdftex.def)             Requested size: 173.36752pt x 174.69354pt.
File: color_code_v2.pdf Graphic file (type pdf)
<use color_code_v2.pdf>
Package pdftex.def Info: color_code_v2.pdf  used on input line 1038.
(pdftex.def)             Requested size: 222.26642pt x 20.83679pt.

Overfull \vbox (3.0484pt too high) has occurred while \output is active []

 [15 <./robust_input.png> <./robust_pred.png>]
Overfull \vbox (3.0484pt too high) has occurred while \output is active []

 [16 <./semKITTI_perf.png>]
Underfull \vbox (badness 2080) has occurred while \output is active []


Overfull \vbox (3.0484pt too high) has occurred while \output is active []

 [17 <./input_7897.png> <./pred_7897.png>] (./ex_article.bbl
Overfull \vbox (3.0484pt too high) has occurred while \output is active []

 [18 <./128_s1.png> <./128_gnet_s1.png>]
Underfull \vbox (badness 10000) has occurred while \output is active []


Overfull \vbox (3.0484pt too high) has occurred while \output is active []

 [19]
Underfull \vbox (badness 10000) has occurred while \output is active []


Overfull \vbox (3.0484pt too high) has occurred while \output is active []

 [20])
\tf@thm=\write4
\openout4 = `ex_article.thm'.


Overfull \vbox (3.0484pt too high) has occurred while \output is active []

 [21] (./ex_article.aux)
Package rerunfilecheck Info: File `ex_article.out' has not changed.
(rerunfilecheck)             Checksum: 8A04FEC44EDDCA1C75782D16FD5BBCC7;6529.
 ) 
Here is how much of TeX's memory you used:
 17864 strings out of 478287
 297675 string characters out of 5849289
 730450 words of memory out of 5000000
 35228 multiletter control sequences out of 15000+600000
 506253 words of font info for 267 fonts, out of 8000000 for 9000
 1141 hyphenation exceptions out of 8191
 74i,21n,77p,1044b,518s stack positions out of 5000i,500n,10000p,200000b,80000s
{/usr/share/texmf/fonts/enc/dvips/cm-super/cm-super-t1.enc}</usr/share/texlive/texmf-dist/fonts/type1/public/amsfonts/cm/cmex10.pfb></usr/share/texlive/texmf-dist/fonts/type1/public/amsfonts/cm/cmmi10.pfb></usr/share/texlive/texmf-dist/fonts/type1/public/amsfonts/cm/cmmi5.pfb></usr/share/texlive/texmf-dist/fonts/type1/public/amsfonts/cm/cmmi6.pfb></usr/share/texlive/texmf-dist/fonts/type1/public/amsfonts/cm/cmmi8.pfb></usr/share/texlive/texmf-dist/fonts/type1/public/amsfonts/cm/cmmi9.pfb></usr/share/texlive/texmf-dist/fonts/type1/public/amsfonts/cm/cmr10.pfb></usr/share/texlive/texmf-dist/fonts/type1/public/amsfonts/cm/cmr6.pfb></usr/share/texlive/texmf-dist/fonts/type1/public/amsfonts/cm/cmr8.pfb></usr/share/texlive/texmf-dist/fonts/type1/public/amsfonts/cm/cmr9.pfb></usr/share/texlive/texmf-dist/fonts/type1/public/amsfonts/cm/cmsy10.pfb></usr/share/texlive/texmf-dist/fonts/type1/public/amsfonts/cm/cmsy6.pfb></usr/share/texlive/texmf-dist/fonts/type1/public/amsfonts/cm/cmsy8.pfb></usr/share/texlive/texmf-dist/fonts/type1/public/amsfonts/cm/cmsy9.pfb></usr/share/texlive/texmf-dist/fonts/type1/public/amsfonts/symbols/msbm10.pfb></usr/share/texmf/fonts/type1/public/cm-super/sfbx1095.pfb></usr/share/texmf/fonts/type1/public/cm-super/sfcc0900.pfb></usr/share/texmf/fonts/type1/public/cm-super/sfrm0900.pfb></usr/share/texmf/fonts/type1/public/cm-super/sfrm1095.pfb></usr/share/texmf/fonts/type1/public/cm-super/sfsi1095.pfb></usr/share/texmf/fonts/type1/public/cm-super/sfss0800.pfb></usr/share/texmf/fonts/type1/public/cm-super/sfss0900.pfb></usr/share/texmf/fonts/type1/public/cm-super/sfss1095.pfb></usr/share/texmf/fonts/type1/public/cm-super/sfsx0900.pfb></usr/share/texmf/fonts/type1/public/cm-super/sfsx1095.pfb></usr/share/texmf/fonts/type1/public/cm-super/sfsx1200.pfb></usr/share/texmf/fonts/type1/public/cm-super/sfti0600.pfb></usr/share/texmf/fonts/type1/public/cm-super/sfti0900.pfb></usr/share/texmf/fonts/type1/public/cm-super/sfti1095.pfb>
Output written on ex_article.pdf (21 pages, 1976402 bytes).
PDF statistics:
 812 PDF objects out of 1000 (max. 8388607)
 577 compressed objects within 6 object streams
 161 named destinations out of 1000 (max. 500000)
 51529 words of extra memory for PDF output out of 51595 (max. 10000000)

